[20:19:00] [ServerMain/INFO]: Environment: Environment[sessionHost=https://sessionserver.mojang.com, servicesHost=https://api.minecraftservices.com, name=PROD]
[20:19:02] [ServerMain/INFO]: Loaded 1290 recipes
[20:19:03] [ServerMain/INFO]: Loaded 1399 advancements
[20:19:04] [Server thread/INFO]: Starting minecraft server version 1.21
[20:19:04] [Server thread/INFO]: Loading properties
[20:19:04] [Server thread/INFO]: Default game type: SURVIVAL
[20:19:04] [Server thread/INFO]: Generating keypair
[20:19:04] [Server thread/INFO]: Starting Minecraft server on *:25565
[20:19:04] [Server thread/INFO]: Using epoll channel type
[20:19:04] [Server thread/WARN]: **** SERVER IS RUNNING IN OFFLINE/INSECURE MODE!
[20:19:04] [Server thread/WARN]: The server will make no attempt to authenticate usernames. Beware.
[20:19:04] [Server thread/WARN]: While this makes the game possible to play without internet access, it also opens up the ability for hackers to connect with any username they choose.
[20:19:04] [Server thread/WARN]: To change this, set "online-mode" to "true" in the server.properties file.
[20:19:04] [Server thread/INFO]: Preparing level "world"
[20:19:11] [Server thread/INFO]: Preparing start region for dimension minecraft:overworld
[20:19:11] [Worker-Main-1/INFO]: Preparing spawn area: 0%
[20:19:11] [Worker-Main-1/INFO]: Preparing spawn area: 0%
[20:19:11] [Server thread/INFO]: Time elapsed: 883 ms
[20:19:11] [Server thread/INFO]: Done (7.592s)! For help, type "help"
[20:19:15] [Server thread/INFO]: vGodbridger[/127.194.163.136:53387] logged in with entity id 31 at (43.649468800971775, -45.0, 93.76249998807907)
[20:19:15] [Server thread/INFO]: vGodbridger joined the game
[20:19:20] [Server thread/INFO]: OROCHIMARU[/127.37.163.59:47695] logged in with entity id 225 at (0.5, 68.0, -8.5)
[20:19:20] [Server thread/INFO]: OROCHIMARU joined the game
[20:19:52] [Server thread/INFO]: Maycol_27x[/127.137.81.102:50823] logged in with entity id 403 at (689.9325147128094, 64.0, 82.29553997784267)
[20:19:52] [Server thread/INFO]: Maycol_27x joined the game
[20:20:56] [Server thread/INFO]: Maycol_27x has made the advancement [Sweet Dreams]
[20:21:35] [Server thread/INFO]: nael_binbolo[/127.171.65.9:39841] logged in with entity id 1391 at (-62.157270127674764, -9.0, -7.26135897504048)
[20:21:35] [Server thread/INFO]: nael_binbolo joined the game
[20:21:35] [Server thread/INFO]: nael_binbolo lost connection: Disconnected
[20:21:35] [Server thread/INFO]: nael_binbolo left the game
[20:21:35] [Server thread/INFO]: vGodbridger lost connection: Disconnected
[20:21:35] [Server thread/INFO]: vGodbridger left the game
[20:21:37] [Server thread/INFO]: OROCHIMARU lost connection: Disconnected
[20:21:37] [Server thread/INFO]: OROCHIMARU left the game
[20:21:52] [Server thread/INFO]: OROCHIMARU[/127.37.163.59:33495] logged in with entity id 1424 at (-7.567838610890189, 66.0, 8.708734092468031)
[20:21:52] [Server thread/INFO]: OROCHIMARU joined the game
[20:22:01] [Server thread/INFO]: vGodbridger[/127.194.163.136:35605] logged in with entity id 1704 at (-51.686412106382804, -24.0, -17.38911833842893)
[20:22:01] [Server thread/INFO]: vGodbridger joined the game
[20:22:12] [Server thread/WARN]: Maycol_27x moved too quickly! 4.756449789045632,-1.0244240882136921,-8.795690011304503
[20:22:52] [Server thread/INFO]: OROCHIMARU lost connection: Timed out
[20:22:52] [Server thread/INFO]: OROCHIMARU left the game
[20:22:52] [Server thread/WARN]: handleDisconnection() called twice
[20:23:08] [Server thread/INFO]: OROCHIMARU[/127.37.163.59:44035] logged in with entity id 2176 at (-2.119302683264436, 65.23152379758702, 0.8862402432196288)
[20:23:08] [Server thread/INFO]: OROCHIMARU joined the game
[20:24:23] [Server thread/INFO]: Maycol_27x lost connection: Timed out
[20:24:23] [Server thread/INFO]: Maycol_27x left the game
[20:24:50] [Server thread/INFO]: Maycol_27x[/127.137.81.102:50593] logged in with entity id 2859 at (769.118448366365, 58.0, -29.30773485522402)
[20:24:50] [Server thread/INFO]: Maycol_27x joined the game
[20:26:32] [Server thread/INFO]: OROCHIMARU has made the advancement [Monster Hunter]
[20:26:58] [Server thread/INFO]: OROCHIMARU has made the advancement [Stone Age]
[20:27:00] [Server thread/INFO]: OROCHIMARU was shot by Skeleton
[20:29:08] [Server thread/INFO]: OROCHIMARU was slain by Zombie
[20:30:32] [Server thread/INFO]: OROCHIMARU tried to swim in lava
[20:31:12] [Server thread/INFO]: vGodbridger lost connection: Disconnected
[20:31:12] [Server thread/INFO]: vGodbridger left the game
[20:32:48] [Server thread/INFO]: vGodbridger[/127.194.163.136:33677] logged in with entity id 8151 at (-107.88320757094098, -23.0, -11.716562765488082)
[20:32:48] [Server thread/INFO]: vGodbridger joined the game
[20:33:21] [Server thread/INFO]: Maycol_27x lost connection: Timed out
[20:33:21] [Server thread/INFO]: Maycol_27x left the game
[20:33:55] [Server thread/INFO]: Maycol_27x[/127.137.81.102:32795] logged in with entity id 8737 at (1244.4638645979232, 118.0, 453.4640533310032)
[20:33:55] [Server thread/INFO]: Maycol_27x joined the game
[20:33:57] [Server thread/INFO]: OROCHIMARU was shot by Skeleton
[20:35:35] [Server thread/INFO]: OROCHIMARU has made the advancement [Getting an Upgrade]
[20:36:25] [Server thread/INFO]: vGodbridger lost connection: Disconnected
[20:36:25] [Server thread/INFO]: vGodbridger left the game
[20:36:26] [Server thread/INFO]: OROCHIMARU lost connection: Disconnected
[20:36:26] [Server thread/INFO]: OROCHIMARU left the game
[20:36:40] [Server thread/INFO]: vGodbridger[/127.194.163.136:47219] logged in with entity id 10132 at (-121.69558582031037, -3.0, -64.60274711290009)
[20:36:40] [Server thread/INFO]: vGodbridger joined the game
[20:36:45] [Server thread/INFO]: OROCHIMARU[/127.37.163.59:51143] logged in with entity id 10388 at (-3.1557517039808376, 64.0, 140.5698997174803)
[20:36:45] [Server thread/INFO]: OROCHIMARU joined the game
[20:37:30] [Server thread/INFO]: OROCHIMARU lost connection: Timed out
[20:37:30] [Server thread/INFO]: OROCHIMARU left the game
[20:37:46] [Server thread/INFO]: OROCHIMARU[/127.37.163.59:35003] logged in with entity id 10895 at (-3.1557517039808376, 64.0, 140.5698997174803)
[20:37:46] [Server thread/INFO]: OROCHIMARU joined the game
